<?xml version="1.0" encoding="UTF-8"?>
<!-- Generated by org.testng.reporters.JUnitXMLReporter -->
<testsuite ignored="0" hostname="DESKTOP-KB0TAT2" failures="0" tests="3" name="Default test" time="23.802" errors="0" timestamp="2023-09-20T10:17:51 IST">
  <testcase classname="fblogintest.fblogin" name="first" time="3.53"/>
  <testcase classname="fblogintest.fblogin" name="second" time="4.091"/>
  <testcase classname="fblogintest.fblogin" name="fourth" time="11.188"/>
</testsuite> <!-- Default test -->
