<?xml version="1.0" encoding="UTF-8"?>
<testng-results ignored="0" total="3" passed="3" failed="0" skipped="0">
  <reporter-output>
  </reporter-output>
  <suite started-at="2023-09-20T10:17:27 IST" name="Default suite" finished-at="2023-09-20T10:17:51 IST" duration-ms="23802">
    <groups>
    </groups>
    <test started-at="2023-09-20T10:17:27 IST" name="Default test" finished-at="2023-09-20T10:17:51 IST" duration-ms="23802">
      <class name="fblogintest.fblogin">
        <test-method is-config="true" signature="beforeTest()[pri:0, instance:fblogintest.fblogin@206a70ef]" started-at="2023-09-20T10:17:27 IST" name="beforeTest" finished-at="2023-09-20T10:17:31 IST" duration-ms="4496" status="PASS">
          <reporter-output>
          </reporter-output>
        </test-method> <!-- beforeTest -->
        <test-method signature="first()[pri:1, instance:fblogintest.fblogin@206a70ef]" started-at="2023-09-20T10:17:31 IST" name="first" finished-at="2023-09-20T10:17:35 IST" duration-ms="3530" status="PASS">
          <reporter-output>
          </reporter-output>
        </test-method> <!-- first -->
        <test-method signature="second()[pri:2, instance:fblogintest.fblogin@206a70ef]" started-at="2023-09-20T10:17:35 IST" name="second" finished-at="2023-09-20T10:17:39 IST" duration-ms="4091" status="PASS">
          <reporter-output>
          </reporter-output>
        </test-method> <!-- second -->
        <test-method signature="fourth()[pri:3, instance:fblogintest.fblogin@206a70ef]" started-at="2023-09-20T10:17:39 IST" name="fourth" finished-at="2023-09-20T10:17:50 IST" duration-ms="11188" status="PASS">
          <reporter-output>
          </reporter-output>
        </test-method> <!-- fourth -->
        <test-method is-config="true" signature="afterTest()[pri:0, instance:fblogintest.fblogin@206a70ef]" started-at="2023-09-20T10:17:50 IST" name="afterTest" finished-at="2023-09-20T10:17:51 IST" duration-ms="406" status="PASS">
          <reporter-output>
          </reporter-output>
        </test-method> <!-- afterTest -->
      </class> <!-- fblogintest.fblogin -->
    </test> <!-- Default test -->
  </suite> <!-- Default suite -->
</testng-results>
